24-05-21.16:21:19.851 [main            ] INFO  Application            - Starting Application using Java 1.8.0_291 on MacBook-Pro with PID 61700 (/Users/it/mine/project/dynamic-thread-pool-starter/dynamic-thread-pool/dynamic-thread-pool-test/target/classes started by it in /Users/it/mine/project/dynamic-thread-pool-starter/dynamic-thread-pool)
24-05-21.16:21:19.853 [main            ] INFO  Application            - The following 1 profile is active: "dev"
24-05-21.16:21:20.959 [main            ] INFO  RepositoryConfigurationDelegate - Multiple Spring Data modules found, entering strict repository configuration mode
24-05-21.16:21:20.963 [main            ] INFO  RepositoryConfigurationDelegate - Bootstrapping Spring Data Redis repositories in DEFAULT mode.
24-05-21.16:21:21.020 [main            ] INFO  RepositoryConfigurationDelegate - Finished Spring Data repository scanning in 13 ms. Found 0 Redis repository interfaces.
24-05-21.16:21:21.691 [main            ] INFO  TomcatWebServer        - Tomcat initialized with port(s): 8091 (http)
24-05-21.16:21:21.701 [main            ] INFO  Http11NioProtocol      - Initializing ProtocolHandler ["http-nio-8091"]
24-05-21.16:21:21.702 [main            ] INFO  StandardService        - Starting service [Tomcat]
24-05-21.16:21:21.702 [main            ] INFO  StandardEngine         - Starting Servlet engine: [Apache Tomcat/9.0.75]
24-05-21.16:21:21.926 [main            ] INFO  [/]                    - Initializing Spring embedded WebApplicationContext
24-05-21.16:21:21.926 [main            ] INFO  ServletWebServerApplicationContext - Root WebApplicationContext: initialization completed in 2020 ms
24-05-21.16:21:22.867 [main            ] INFO  Version                - Redisson 3.26.0
24-05-21.16:21:22.926 [main            ] WARN  DnsServerAddressStreamProviders - Can not find io.netty.resolver.dns.macos.MacOSDnsServerAddressStreamProvider in the classpath, fallback to system defaults. This may result in incorrect DNS resolutions on MacOS. Check whether you have a dependency on 'io.netty:netty-resolver-dns-native-macos'
24-05-21.16:21:26.245 [main            ] WARN  AnnotationConfigServletWebServerApplicationContext - Exception encountered during context initialization - cancelling refresh attempt: org.springframework.beans.factory.BeanCreationException: Error creating bean with name 'redissonClient' defined in class path resource [com/bruce/dynamic/thread/pool/sdk/config/DynamicThreadPoolAutoConfig.class]: Bean instantiation via factory method failed; nested exception is org.springframework.beans.BeanInstantiationException: Failed to instantiate [org.redisson.api.RedissonClient]: Factory method 'redissonClient' threw exception; nested exception is org.redisson.client.RedisConnectionException: java.util.concurrent.ExecutionException: org.redisson.client.RedisConnectionException: java.net.UnknownHostException: Failed to resolve 'null' [A(1), AAAA(28)] after 6 queries 
24-05-21.16:21:26.249 [main            ] INFO  StandardService        - Stopping service [Tomcat]
24-05-21.16:21:26.268 [main            ] INFO  ConditionEvaluationReportLoggingListener - 

Error starting ApplicationContext. To display the conditions report re-run your application with 'debug' enabled.
24-05-21.16:21:26.303 [main            ] ERROR SpringApplication      - Application run failed
org.springframework.beans.factory.BeanCreationException: Error creating bean with name 'redissonClient' defined in class path resource [com/bruce/dynamic/thread/pool/sdk/config/DynamicThreadPoolAutoConfig.class]: Bean instantiation via factory method failed; nested exception is org.springframework.beans.BeanInstantiationException: Failed to instantiate [org.redisson.api.RedissonClient]: Factory method 'redissonClient' threw exception; nested exception is org.redisson.client.RedisConnectionException: java.util.concurrent.ExecutionException: org.redisson.client.RedisConnectionException: java.net.UnknownHostException: Failed to resolve 'null' [A(1), AAAA(28)] after 6 queries 
	at org.springframework.beans.factory.support.ConstructorResolver.instantiate(ConstructorResolver.java:658)
	at org.springframework.beans.factory.support.ConstructorResolver.instantiateUsingFactoryMethod(ConstructorResolver.java:638)
	at org.springframework.beans.factory.support.AbstractAutowireCapableBeanFactory.instantiateUsingFactoryMethod(AbstractAutowireCapableBeanFactory.java:1352)
	at org.springframework.beans.factory.support.AbstractAutowireCapableBeanFactory.createBeanInstance(AbstractAutowireCapableBeanFactory.java:1195)
	at org.springframework.beans.factory.support.AbstractAutowireCapableBeanFactory.doCreateBean(AbstractAutowireCapableBeanFactory.java:582)
	at org.springframework.beans.factory.support.AbstractAutowireCapableBeanFactory.createBean(AbstractAutowireCapableBeanFactory.java:542)
	at org.springframework.beans.factory.support.AbstractBeanFactory.lambda$doGetBean$0(AbstractBeanFactory.java:335)
	at org.springframework.beans.factory.support.DefaultSingletonBeanRegistry.getSingleton(DefaultSingletonBeanRegistry.java:234)
	at org.springframework.beans.factory.support.AbstractBeanFactory.doGetBean(AbstractBeanFactory.java:333)
	at org.springframework.beans.factory.support.AbstractBeanFactory.getBean(AbstractBeanFactory.java:208)
	at org.springframework.beans.factory.support.DefaultListableBeanFactory.preInstantiateSingletons(DefaultListableBeanFactory.java:955)
	at org.springframework.context.support.AbstractApplicationContext.finishBeanFactoryInitialization(AbstractApplicationContext.java:920)
	at org.springframework.context.support.AbstractApplicationContext.refresh(AbstractApplicationContext.java:583)
	at org.springframework.boot.web.servlet.context.ServletWebServerApplicationContext.refresh(ServletWebServerApplicationContext.java:147)
	at org.springframework.boot.SpringApplication.refresh(SpringApplication.java:731)
	at org.springframework.boot.SpringApplication.refreshContext(SpringApplication.java:408)
	at org.springframework.boot.SpringApplication.run(SpringApplication.java:307)
	at org.springframework.boot.SpringApplication.run(SpringApplication.java:1303)
	at org.springframework.boot.SpringApplication.run(SpringApplication.java:1292)
	at com.bruce.Application.main(Application.java:11)
Caused by: org.springframework.beans.BeanInstantiationException: Failed to instantiate [org.redisson.api.RedissonClient]: Factory method 'redissonClient' threw exception; nested exception is org.redisson.client.RedisConnectionException: java.util.concurrent.ExecutionException: org.redisson.client.RedisConnectionException: java.net.UnknownHostException: Failed to resolve 'null' [A(1), AAAA(28)] after 6 queries 
	at org.springframework.beans.factory.support.SimpleInstantiationStrategy.instantiate(SimpleInstantiationStrategy.java:185)
	at org.springframework.beans.factory.support.ConstructorResolver.instantiate(ConstructorResolver.java:653)
	... 19 common frames omitted
Caused by: org.redisson.client.RedisConnectionException: java.util.concurrent.ExecutionException: org.redisson.client.RedisConnectionException: java.net.UnknownHostException: Failed to resolve 'null' [A(1), AAAA(28)] after 6 queries 
	at org.redisson.connection.MasterSlaveConnectionManager.doConnect(MasterSlaveConnectionManager.java:229)
	at org.redisson.connection.MasterSlaveConnectionManager.connect(MasterSlaveConnectionManager.java:196)
	at org.redisson.config.ConfigSupport.createConnectionManager(ConfigSupport.java:220)
	at org.redisson.Redisson.<init>(Redisson.java:71)
	at org.redisson.Redisson.create(Redisson.java:116)
	at com.bruce.dynamic.thread.pool.sdk.config.DynamicThreadPoolAutoConfig.redissonClient(DynamicThreadPoolAutoConfig.java:54)
	at com.bruce.dynamic.thread.pool.sdk.config.DynamicThreadPoolAutoConfig$$EnhancerBySpringCGLIB$$676c3ccd.CGLIB$redissonClient$0(<generated>)
	at com.bruce.dynamic.thread.pool.sdk.config.DynamicThreadPoolAutoConfig$$EnhancerBySpringCGLIB$$676c3ccd$$FastClassBySpringCGLIB$$22384569.invoke(<generated>)
	at org.springframework.cglib.proxy.MethodProxy.invokeSuper(MethodProxy.java:244)
	at org.springframework.context.annotation.ConfigurationClassEnhancer$BeanMethodInterceptor.intercept(ConfigurationClassEnhancer.java:331)
	at com.bruce.dynamic.thread.pool.sdk.config.DynamicThreadPoolAutoConfig$$EnhancerBySpringCGLIB$$676c3ccd.redissonClient(<generated>)
	at sun.reflect.NativeMethodAccessorImpl.invoke0(Native Method)
	at sun.reflect.NativeMethodAccessorImpl.invoke(NativeMethodAccessorImpl.java:62)
	at sun.reflect.DelegatingMethodAccessorImpl.invoke(DelegatingMethodAccessorImpl.java:43)
	at java.lang.reflect.Method.invoke(Method.java:498)
	at org.springframework.beans.factory.support.SimpleInstantiationStrategy.instantiate(SimpleInstantiationStrategy.java:154)
	... 20 common frames omitted
Caused by: java.util.concurrent.ExecutionException: org.redisson.client.RedisConnectionException: java.net.UnknownHostException: Failed to resolve 'null' [A(1), AAAA(28)] after 6 queries 
	at java.util.concurrent.CompletableFuture.reportGet(CompletableFuture.java:357)
	at java.util.concurrent.CompletableFuture.get(CompletableFuture.java:1928)
	at org.redisson.connection.MasterSlaveConnectionManager.doConnect(MasterSlaveConnectionManager.java:225)
	... 35 common frames omitted
Caused by: org.redisson.client.RedisConnectionException: java.net.UnknownHostException: Failed to resolve 'null' [A(1), AAAA(28)] after 6 queries 
	at org.redisson.client.RedisClient.lambda$resolveAddr$0(RedisClient.java:256)
	at io.netty.util.concurrent.DefaultPromise.notifyListener0(DefaultPromise.java:590)
	at io.netty.util.concurrent.DefaultPromise.notifyListeners0(DefaultPromise.java:583)
	at io.netty.util.concurrent.DefaultPromise.notifyListenersNow(DefaultPromise.java:559)
	at io.netty.util.concurrent.DefaultPromise.notifyListeners(DefaultPromise.java:492)
	at io.netty.util.concurrent.DefaultPromise.setValue0(DefaultPromise.java:636)
	at io.netty.util.concurrent.DefaultPromise.setFailure0(DefaultPromise.java:629)
	at io.netty.util.concurrent.DefaultPromise.setFailure(DefaultPromise.java:110)
	at io.netty.resolver.InetSocketAddressResolver$1.operationComplete(InetSocketAddressResolver.java:62)
	at io.netty.util.concurrent.DefaultPromise.notifyListener0(DefaultPromise.java:590)
	at io.netty.util.concurrent.DefaultPromise.notifyListeners0(DefaultPromise.java:583)
	at io.netty.util.concurrent.DefaultPromise.notifyListenersNow(DefaultPromise.java:559)
	at io.netty.util.concurrent.DefaultPromise.notifyListeners(DefaultPromise.java:492)
	at io.netty.util.concurrent.DefaultPromise.setValue0(DefaultPromise.java:636)
	at io.netty.util.concurrent.DefaultPromise.setFailure0(DefaultPromise.java:629)
	at io.netty.util.concurrent.DefaultPromise.tryFailure(DefaultPromise.java:118)
	at io.netty.resolver.dns.DnsNameResolver.tryFailure(DnsNameResolver.java:1025)
	at io.netty.resolver.dns.DnsNameResolver.access$400(DnsNameResolver.java:93)
	at io.netty.resolver.dns.DnsNameResolver$6.operationComplete(DnsNameResolver.java:1045)
	at io.netty.util.concurrent.DefaultPromise.notifyListener0(DefaultPromise.java:590)
	at io.netty.util.concurrent.DefaultPromise.notifyListenersNow(DefaultPromise.java:557)
	at io.netty.util.concurrent.DefaultPromise.notifyListeners(DefaultPromise.java:492)
	at io.netty.util.concurrent.DefaultPromise.setValue0(DefaultPromise.java:636)
	at io.netty.util.concurrent.DefaultPromise.setFailure0(DefaultPromise.java:629)
	at io.netty.util.concurrent.DefaultPromise.tryFailure(DefaultPromise.java:118)
	at io.netty.resolver.dns.DnsResolveContext.finishResolve(DnsResolveContext.java:1096)
	at io.netty.resolver.dns.DnsResolveContext.tryToFinishResolve(DnsResolveContext.java:1035)
	at io.netty.resolver.dns.DnsResolveContext.query(DnsResolveContext.java:422)
	at io.netty.resolver.dns.DnsResolveContext.onResponse(DnsResolveContext.java:631)
	at io.netty.resolver.dns.DnsResolveContext.access$500(DnsResolveContext.java:66)
	at io.netty.resolver.dns.DnsResolveContext$2.operationComplete(DnsResolveContext.java:482)
	at io.netty.util.concurrent.DefaultPromise.notifyListener0(DefaultPromise.java:590)
	at io.netty.util.concurrent.DefaultPromise.notifyListeners0(DefaultPromise.java:583)
	at io.netty.util.concurrent.DefaultPromise.notifyListenersNow(DefaultPromise.java:559)
	at io.netty.util.concurrent.DefaultPromise.notifyListeners(DefaultPromise.java:492)
	at io.netty.util.concurrent.DefaultPromise.setValue0(DefaultPromise.java:636)
	at io.netty.util.concurrent.DefaultPromise.setSuccess0(DefaultPromise.java:625)
	at io.netty.util.concurrent.DefaultPromise.trySuccess(DefaultPromise.java:105)
	at io.netty.resolver.dns.DnsQueryContext.trySuccess(DnsQueryContext.java:232)
	at io.netty.resolver.dns.DnsQueryContext.finish(DnsQueryContext.java:224)
	at io.netty.resolver.dns.DnsNameResolver$DnsResponseHandler.channelRead(DnsNameResolver.java:1364)
	at io.netty.channel.AbstractChannelHandlerContext.invokeChannelRead(AbstractChannelHandlerContext.java:444)
	at io.netty.channel.AbstractChannelHandlerContext.invokeChannelRead(AbstractChannelHandlerContext.java:420)
	at io.netty.channel.AbstractChannelHandlerContext.fireChannelRead(AbstractChannelHandlerContext.java:412)
	at io.netty.handler.codec.MessageToMessageDecoder.channelRead(MessageToMessageDecoder.java:103)
	at io.netty.channel.AbstractChannelHandlerContext.invokeChannelRead(AbstractChannelHandlerContext.java:444)
	at io.netty.channel.AbstractChannelHandlerContext.invokeChannelRead(AbstractChannelHandlerContext.java:420)
	at io.netty.channel.AbstractChannelHandlerContext.fireChannelRead(AbstractChannelHandlerContext.java:412)
	at io.netty.channel.DefaultChannelPipeline$HeadContext.channelRead(DefaultChannelPipeline.java:1410)
	at io.netty.channel.AbstractChannelHandlerContext.invokeChannelRead(AbstractChannelHandlerContext.java:440)
	at io.netty.channel.AbstractChannelHandlerContext.invokeChannelRead(AbstractChannelHandlerContext.java:420)
	at io.netty.channel.DefaultChannelPipeline.fireChannelRead(DefaultChannelPipeline.java:919)
	at io.netty.channel.nio.AbstractNioMessageChannel$NioMessageUnsafe.read(AbstractNioMessageChannel.java:97)
	at io.netty.channel.nio.NioEventLoop.processSelectedKey(NioEventLoop.java:788)
	at io.netty.channel.nio.NioEventLoop.processSelectedKeysOptimized(NioEventLoop.java:724)
	at io.netty.channel.nio.NioEventLoop.processSelectedKeys(NioEventLoop.java:650)
	at io.netty.channel.nio.NioEventLoop.run(NioEventLoop.java:562)
	at io.netty.util.concurrent.SingleThreadEventExecutor$4.run(SingleThreadEventExecutor.java:997)
	at io.netty.util.internal.ThreadExecutorMap$2.run(ThreadExecutorMap.java:74)
	at io.netty.util.concurrent.FastThreadLocalRunnable.run(FastThreadLocalRunnable.java:30)
	at java.lang.Thread.run(Thread.java:748)
Caused by: java.net.UnknownHostException: Failed to resolve 'null' [A(1), AAAA(28)] after 6 queries 
	at io.netty.resolver.dns.DnsResolveContext.finishResolve(DnsResolveContext.java:1088)
	... 35 common frames omitted
24-05-21.16:23:41.376 [main            ] INFO  Application            - Starting Application using Java 1.8.0_291 on MacBook-Pro with PID 63152 (/Users/it/mine/project/dynamic-thread-pool-starter/dynamic-thread-pool/dynamic-thread-pool-test/target/classes started by it in /Users/it/mine/project/dynamic-thread-pool-starter/dynamic-thread-pool)
24-05-21.16:23:41.381 [main            ] INFO  Application            - The following 1 profile is active: "dev"
24-05-21.16:23:42.497 [main            ] INFO  RepositoryConfigurationDelegate - Multiple Spring Data modules found, entering strict repository configuration mode
24-05-21.16:23:42.500 [main            ] INFO  RepositoryConfigurationDelegate - Bootstrapping Spring Data Redis repositories in DEFAULT mode.
24-05-21.16:23:42.549 [main            ] INFO  RepositoryConfigurationDelegate - Finished Spring Data repository scanning in 12 ms. Found 0 Redis repository interfaces.
24-05-21.16:23:43.077 [main            ] INFO  TomcatWebServer        - Tomcat initialized with port(s): 8091 (http)
24-05-21.16:23:43.085 [main            ] INFO  Http11NioProtocol      - Initializing ProtocolHandler ["http-nio-8091"]
24-05-21.16:23:43.086 [main            ] INFO  StandardService        - Starting service [Tomcat]
24-05-21.16:23:43.086 [main            ] INFO  StandardEngine         - Starting Servlet engine: [Apache Tomcat/9.0.75]
24-05-21.16:23:43.226 [main            ] INFO  [/]                    - Initializing Spring embedded WebApplicationContext
24-05-21.16:23:43.226 [main            ] INFO  ServletWebServerApplicationContext - Root WebApplicationContext: initialization completed in 1784 ms
24-05-21.16:23:44.050 [main            ] INFO  Version                - Redisson 3.26.0
24-05-21.16:23:44.092 [main            ] WARN  DnsServerAddressStreamProviders - Can not find io.netty.resolver.dns.macos.MacOSDnsServerAddressStreamProvider in the classpath, fallback to system defaults. This may result in incorrect DNS resolutions on MacOS. Check whether you have a dependency on 'io.netty:netty-resolver-dns-native-macos'
24-05-21.16:23:44.271 [redisson-netty-1-22] INFO  ConnectionsHolder      - 1 connections initialized for 127.0.0.1/127.0.0.1:16379
24-05-21.16:23:44.274 [redisson-netty-1-23] INFO  ConnectionsHolder      - 10 connections initialized for 127.0.0.1/127.0.0.1:16379
24-05-21.16:23:44.386 [main            ] INFO  DynamicThreadPoolAutoConfig - 动态线程池，注册器（redis）链接初始化完成。127.0.0.1 64 true
24-05-21.16:23:44.918 [main            ] INFO  EndpointLinksResolver  - Exposing 1 endpoint(s) beneath base path '/actuator'
24-05-21.16:23:44.958 [main            ] INFO  Http11NioProtocol      - Starting ProtocolHandler ["http-nio-8091"]
24-05-21.16:23:44.973 [main            ] INFO  TomcatWebServer        - Tomcat started on port(s): 8091 (http) with context path ''
24-05-21.16:23:44.995 [main            ] INFO  Application            - Started Application in 4.281 seconds (JVM running for 5.057)
24-05-21.16:23:45.385 [RMI TCP Connection(1)-10.183.4.93] INFO  [/]                    - Initializing Spring DispatcherServlet 'dispatcherServlet'
24-05-21.16:23:45.385 [RMI TCP Connection(1)-10.183.4.93] INFO  DispatcherServlet      - Initializing Servlet 'dispatcherServlet'
24-05-21.16:23:45.387 [RMI TCP Connection(1)-10.183.4.93] INFO  DispatcherServlet      - Completed initialization in 2 ms
24-05-21.16:24:27.985 [scheduling-1    ] INFO  ThreadPoolDataReportJob - 动态线程池，上报线程池信息: [{"activeCount":0,"appName":"dynamic-thread-pool-test-app","corePoolSize":20,"maximumPoolSize":50,"poolSize":0,"queueSize":0,"queueType":"LinkedBlockingQueue","remainingCapacity":5000,"threadPoolName":"threadPoolExecutor01"},{"activeCount":0,"appName":"dynamic-thread-pool-test-app","corePoolSize":20,"maximumPoolSize":50,"poolSize":0,"queueSize":0,"queueType":"LinkedBlockingQueue","remainingCapacity":5000,"threadPoolName":"threadPoolExecutor02"}]
24-05-21.16:25:17.796 [scheduling-1    ] INFO  ThreadPoolDataReportJob - 动态线程池，上报线程池参数: {"activeCount":0,"appName":"dynamic-thread-pool-test-app","corePoolSize":20,"maximumPoolSize":50,"poolSize":0,"queueSize":0,"queueType":"LinkedBlockingQueue","remainingCapacity":5000,"threadPoolName":"threadPoolExecutor01"}
24-05-21.16:25:24.119 [scheduling-1    ] INFO  ThreadPoolDataReportJob - 动态线程池，上报线程池参数: {"activeCount":0,"appName":"dynamic-thread-pool-test-app","corePoolSize":20,"maximumPoolSize":50,"poolSize":0,"queueSize":0,"queueType":"LinkedBlockingQueue","remainingCapacity":5000,"threadPoolName":"threadPoolExecutor02"}
